** ECO In Report **

Fri Jul 13 21:43:11 2012

Input  File : F:\Designs\SAM9G45_Module\Layout\SAM9G45_MODULE.eco
Current Job : SAM9G45_MODULE.pcb



Line 12 , Section *PART*
U2 IC-MT47H64M16HR-3
* Reference Designator already used

Line 25 , Section *DELPART*
U1 BGA324_08MM
* Trying to delete part with attached connections

Line 26 , Section *DELPART*
U2 IC-MT47H64M16HR-3
* Trying to delete part with attached connections

Line 39 , Section *DELPART*
U3 BGA324_08MM
* Part name U3 not found

Line 40 , Section *DELPART*
U4 BGA324_08MM
* Part name U4 not found

Line 43 , Section *DELPIN*
U10.C2    GND
* Part name U10 not found

Line 44 , Section *DELPIN*
U10.C16    GND
* Part name U10 not found

Line 45 , Section *DELPIN*
U10.D3    GND
* Part name U10 not found

Line 46 , Section *DELPIN*
U10.G9    GND
* Part name U10 not found

Line 47 , Section *DELPIN*
U10.H9    GND
* Part name U10 not found

Line 48 , Section *DELPIN*
U10.H10    GND
* Part name U10 not found

Line 49 , Section *DELPIN*
U10.H12    GND
* Part name U10 not found

Line 50 , Section *DELPIN*
U10.H13    GND
* Part name U10 not found

Line 51 , Section *DELPIN*
U10.J9    GND
* Part name U10 not found

Line 52 , Section *DELPIN*
U10.J10    GND
* Part name U10 not found

Line 53 , Section *DELPIN*
U10.J11    GND
* Part name U10 not found

Line 54 , Section *DELPIN*
U10.J12    GND
* Part name U10 not found

Line 55 , Section *DELPIN*
U10.J13    GND
* Part name U10 not found

Line 56 , Section *DELPIN*
U10.K11    GND
* Part name U10 not found

Line 57 , Section *DELPIN*
U10.K12    GND
* Part name U10 not found

Line 58 , Section *DELPIN*
U10.U17    GND
* Part name U10 not found

Line 61 , Section *DELPART*
U10 BGA324_08MM
* Part name U10 not found

Line 62 , Section *DELPART*
U5 BGA324_08MM
* Part name U5 not found

Line 63 , Section *DELPART*
U6 BGA324_08MM
* Part name U6 not found

Line 64 , Section *DELPART*
U7 BGA324_08MM
* Part name U7 not found

Line 65 , Section *DELPART*
U8 BGA324_08MM
* Part name U8 not found

Line 66 , Section *DELPART*
U9 BGA324_08MM
* Part name U9 not found

Line 87 , Section *DELPART*
U1 BGA324_08MM
* Trying to delete part with attached connections

Line 113 , Section *DELPART*
J9 SK-DM3A-SF-PEJ
* Trying to delete part with attached connections
